[2025-06-29T14:51:11.031+0000] {local_task_job_runner.py:123} INFO - ::group::Pre task execution logs
[2025-06-29T14:51:11.080+0000] {taskinstance.py:2603} INFO - Dependencies all met for dep_context=non-requeueable deps ti=<TaskInstance: etl_csv_pipeline.load manual__2025-06-29T14:50:33.689908+00:00 [queued]>
[2025-06-29T14:51:11.102+0000] {taskinstance.py:2603} INFO - Dependencies all met for dep_context=requeueable deps ti=<TaskInstance: etl_csv_pipeline.load manual__2025-06-29T14:50:33.689908+00:00 [queued]>
[2025-06-29T14:51:11.103+0000] {taskinstance.py:2856} INFO - Starting attempt 1 of 1
[2025-06-29T14:51:11.137+0000] {taskinstance.py:2879} INFO - Executing <Task(PythonOperator): load> on 2025-06-29 14:50:33.689908+00:00
[2025-06-29T14:51:11.154+0000] {warnings.py:112} WARNING - /home/***/.local/lib/python3.12/site-packages/***/task/task_runner/standard_task_runner.py:70: DeprecationWarning: This process (pid=97) is multi-threaded, use of fork() may lead to deadlocks in the child.
  pid = os.fork()

[2025-06-29T14:51:11.157+0000] {standard_task_runner.py:72} INFO - Started process 99 to run task
[2025-06-29T14:51:11.161+0000] {standard_task_runner.py:104} INFO - Running: ['***', 'tasks', 'run', 'etl_csv_pipeline', 'load', 'manual__2025-06-29T14:50:33.689908+00:00', '--job-id', '16', '--raw', '--subdir', 'DAGS_FOLDER/etl_csv.py', '--cfg-path', '/tmp/tmpvtihleux']
[2025-06-29T14:51:11.164+0000] {standard_task_runner.py:105} INFO - Job 16: Subtask load
[2025-06-29T14:51:11.299+0000] {task_command.py:467} INFO - Running <TaskInstance: etl_csv_pipeline.load manual__2025-06-29T14:50:33.689908+00:00 [running]> on host 3b3143e94629
[2025-06-29T14:51:11.501+0000] {taskinstance.py:3122} INFO - Exporting env vars: AIRFLOW_CTX_DAG_OWNER='***' AIRFLOW_CTX_DAG_ID='etl_csv_pipeline' AIRFLOW_CTX_TASK_ID='load' AIRFLOW_CTX_EXECUTION_DATE='2025-06-29T14:50:33.689908+00:00' AIRFLOW_CTX_TRY_NUMBER='1' AIRFLOW_CTX_DAG_RUN_ID='manual__2025-06-29T14:50:33.689908+00:00'
[2025-06-29T14:51:11.507+0000] {logging_mixin.py:190} INFO - Task instance is in running state
[2025-06-29T14:51:11.508+0000] {logging_mixin.py:190} INFO -  Previous state of the Task instance: queued
[2025-06-29T14:51:11.512+0000] {logging_mixin.py:190} INFO - Current task name:load state:running start_date:2025-06-29 14:51:11.081929+00:00
[2025-06-29T14:51:11.514+0000] {logging_mixin.py:190} INFO - Dag name:etl_csv_pipeline and current dag run status:running
[2025-06-29T14:51:11.515+0000] {taskinstance.py:731} INFO - ::endgroup::
[2025-06-29T14:51:26.140+0000] {logging_mixin.py:190} INFO - Carga feita com sucesso!
[2025-06-29T14:51:26.275+0000] {python.py:240} INFO - Done. Returned value was: None
[2025-06-29T14:51:26.301+0000] {taskinstance.py:340} INFO - ::group::Post task execution logs
[2025-06-29T14:51:26.302+0000] {taskinstance.py:352} INFO - Marking task as SUCCESS. dag_id=etl_csv_pipeline, task_id=load, run_id=manual__2025-06-29T14:50:33.689908+00:00, execution_date=20250629T145033, start_date=20250629T145111, end_date=20250629T145126
[2025-06-29T14:51:26.336+0000] {logging_mixin.py:190} INFO - Task instance in success state
[2025-06-29T14:51:26.338+0000] {logging_mixin.py:190} INFO -  Previous state of the Task instance: running
[2025-06-29T14:51:26.341+0000] {logging_mixin.py:190} INFO - Dag name:etl_csv_pipeline queued_at:2025-06-29 14:50:33.724686+00:00
[2025-06-29T14:51:26.342+0000] {logging_mixin.py:190} INFO - Task hostname:3b3143e94629 operator:PythonOperator
[2025-06-29T14:51:26.395+0000] {local_task_job_runner.py:261} INFO - Task exited with return code 0
[2025-06-29T14:51:26.454+0000] {taskinstance.py:3891} INFO - 0 downstream tasks scheduled from follow-on schedule check
[2025-06-29T14:51:26.459+0000] {local_task_job_runner.py:240} INFO - ::endgroup::
